problem n solver mem(MB) fill-in t-setup c-setup n_rhs t-solve c-solve
bcsstk08.mtx          1074 LL    2 26.6    0.1    0.1  256    0.2    0.4
bcsstk08.mtx          1074 LL    2 26.6    0.1    0.1  512    0.4    0.8
bcsstk08.mtx          1074 LL    2 26.6    0.1    0.1 1024    0.9    1.7
bcsstk08.mtx          1074 LL    2 26.6    0.1    0.1 2048    1.8    3.5
bcsstk08.mtx          1074 LU    3 30.8    0.1    0.1  256    0.2    0.5
bcsstk08.mtx          1074 LU    3 30.8    0.1    0.1  512    0.5    1.0
bcsstk08.mtx          1074 LU    3 30.8    0.1    0.1 1024    1.0    2.1
bcsstk08.mtx          1074 LU    3 30.8    0.1    0.1 2048    2.1    4.2
bcsstk08.mtx          1074 DS    4 45.1    0.1    0.1  256    0.0    0.1
bcsstk08.mtx          1074 DS    4 45.1    0.1    0.1  512    0.1    0.2
bcsstk08.mtx          1074 DS    4 45.1    0.1    0.1 1024    0.6    1.0
bcsstk08.mtx          1074 DS    4 45.1    0.1    0.1 2048    0.3    0.6
problem n solver mem(MB) fill-in t-setup c-setup n_rhs t-solve c-solve
bcsstk09.mtx          1083 LL    0  5.7    0.0    0.0  256    0.1    0.2
bcsstk09.mtx          1083 LL    0  5.7    0.0    0.0  512    0.2    0.3
bcsstk09.mtx          1083 LL    0  5.7    0.0    0.0 1024    0.4    0.9
bcsstk09.mtx          1083 LL    0  5.7    0.0    0.0 2048    1.0    2.0
bcsstk09.mtx          1083 LU    0  5.7    0.0    0.0  256    0.1    0.2
bcsstk09.mtx          1083 LU    0  5.7    0.0    0.0  512    0.2    0.3
bcsstk09.mtx          1083 LU    0  5.7    0.0    0.0 1024    0.5    0.9
bcsstk09.mtx          1083 LU    0  5.7    0.0    0.0 2048    1.0    2.0
bcsstk09.mtx          1083 DS    4 31.9    0.1    0.1  256    0.0    0.1
bcsstk09.mtx          1083 DS    4 31.9    0.1    0.1  512    0.1    0.1
bcsstk09.mtx          1083 DS    4 31.9    0.1    0.1 1024    0.4    0.7
bcsstk09.mtx          1083 DS    4 31.9    0.1    0.1 2048    0.3    0.6
problem n solver mem(MB) fill-in t-setup c-setup n_rhs t-solve c-solve
bcsstk11.mtx          1473 LL    0  3.2    0.0    0.0  256    0.1    0.2
bcsstk11.mtx          1473 LL    0  3.2    0.0    0.0  512    0.2    0.4
bcsstk11.mtx          1473 LL    0  3.2    0.0    0.0 1024    0.4    0.8
bcsstk11.mtx          1473 LL    0  3.2    0.0    0.0 2048    1.0    1.9
bcsstk11.mtx          1473 LU    1  4.5    0.0    0.0  256    0.1    0.2
bcsstk11.mtx          1473 LU    1  4.5    0.0    0.0  512    0.3    0.5
bcsstk11.mtx          1473 LU    1  4.5    0.0    0.0 1024    0.6    1.2
bcsstk11.mtx          1473 LU    1  4.5    0.0    0.0 2048    1.4    2.7
bcsstk11.mtx          1473 DS    8 31.7    0.1    0.2  256    0.1    0.1
bcsstk11.mtx          1473 DS    8 31.7    0.1    0.2  512    0.1    0.2
bcsstk11.mtx          1473 DS    8 31.7    0.1    0.2 1024    0.6    1.0
bcsstk11.mtx          1473 DS    8 31.7    0.1    0.2 2048    0.5    0.9
problem n solver mem(MB) fill-in t-setup c-setup n_rhs t-solve c-solve
bcsstk12.mtx          1473 LL    0  3.2    0.0    0.0  256    0.1    0.2
bcsstk12.mtx          1473 LL    0  3.2    0.0    0.0  512    0.2    0.4
bcsstk12.mtx          1473 LL    0  3.2    0.0    0.0 1024    0.4    0.8
bcsstk12.mtx          1473 LL    0  3.2    0.0    0.0 2048    1.0    1.9
bcsstk12.mtx          1473 LU    1  4.5    0.0    0.0  256    0.1    0.2
bcsstk12.mtx          1473 LU    1  4.5    0.0    0.0  512    0.3    0.5
bcsstk12.mtx          1473 LU    1  4.5    0.0    0.0 1024    0.6    1.2
bcsstk12.mtx          1473 LU    1  4.5    0.0    0.0 2048    1.4    2.7
bcsstk12.mtx          1473 DS    8 31.7    0.1    0.2  256    0.1    0.1
bcsstk12.mtx          1473 DS    8 31.7    0.1    0.2  512    0.1    0.2
bcsstk12.mtx          1473 DS    8 31.7    0.1    0.2 1024    0.3    0.7
bcsstk12.mtx          1473 DS    8 31.7    0.1    0.2 2048    0.5    0.9
problem n solver mem(MB) fill-in t-setup c-setup n_rhs t-solve c-solve
bcsstk13.mtx          2003 LL    6 10.6    0.2    0.2  256    0.4    0.9
bcsstk13.mtx          2003 LL    6 10.6    0.2    0.2  512    0.9    1.8
bcsstk13.mtx          2003 LL    6 10.6    0.2    0.2 1024    1.9    3.7
bcsstk13.mtx          2003 LL    6 10.6    0.2    0.2 2048    3.9    7.7
bcsstk13.mtx          2003 LU    8 13.3    0.2    0.4  256    0.6    1.2
bcsstk13.mtx          2003 LU    8 13.3    0.2    0.4  512    1.2    2.5
bcsstk13.mtx          2003 LU    8 13.3    0.2    0.4 1024    2.5    5.0
bcsstk13.mtx          2003 LU    8 13.3    0.2    0.4 2048    5.1   10.2
bcsstk13.mtx          2003 DS   11 18.1    0.3    0.6  256    0.2    0.3
bcsstk13.mtx          2003 DS   11 18.1    0.3    0.6  512    0.2    0.5
bcsstk13.mtx          2003 DS   11 18.1    0.3    0.6 1024    1.0    1.7
bcsstk13.mtx          2003 DS   11 18.1    0.3    0.6 2048    0.7    1.5
problem n solver mem(MB) fill-in t-setup c-setup n_rhs t-solve c-solve
bcsstk14.mtx          1806 LL    2  5.8    0.1    0.1  256    0.2    0.5
bcsstk14.mtx          1806 LL    2  5.8    0.1    0.1  512    0.5    1.0
bcsstk14.mtx          1806 LL    2  5.8    0.1    0.1 1024    1.1    2.2
bcsstk14.mtx          1806 LL    2  5.8    0.1    0.1 2048    2.4    4.7
bcsstk14.mtx          1806 LU    4  8.3    0.1    0.2  256    0.4    0.7
bcsstk14.mtx          1806 LU    4  8.3    0.1    0.2  512    0.8    1.6
bcsstk14.mtx          1806 LU    4  8.3    0.1    0.2 1024    1.7    3.4
bcsstk14.mtx          1806 LU    4  8.3    0.1    0.2 2048    3.5    7.0
bcsstk14.mtx          1806 DS   12 25.8    0.2    0.3  256    0.1    0.2
bcsstk14.mtx          1806 DS   12 25.8    0.2    0.3  512    0.2    0.3
bcsstk14.mtx          1806 DS   12 25.8    0.2    0.3 1024    1.0    1.5
bcsstk14.mtx          1806 DS   12 25.8    0.2    0.3 2048    0.6    1.3
problem n solver mem(MB) fill-in t-setup c-setup n_rhs t-solve c-solve
bcsstk15.mtx          3948 LL   11 12.7    0.2    0.2  256    0.8    1.6
bcsstk15.mtx          3948 LL   11 12.7    0.2    0.2  512    1.8    3.6
bcsstk15.mtx          3948 LL   11 12.7    0.2    0.2 1024    3.8    7.5
bcsstk15.mtx          3948 LL   11 12.7    0.2    0.2 2048    7.8   15.3
bcsstk15.mtx          3948 LU   13 15.5    0.3    0.6  256    1.0    2.1
bcsstk15.mtx          3948 LU   13 15.5    0.3    0.6  512    2.3    4.6
bcsstk15.mtx          3948 LU   13 15.5    0.3    0.6 1024    4.8    9.5
bcsstk15.mtx          3948 LU   13 15.5    0.3    0.6 2048    9.8   18.7
bcsstk15.mtx          3948 DS   33 36.9    0.7    1.4  256    0.4    0.9
bcsstk15.mtx          3948 DS   33 36.9    0.7    1.4  512    0.6    1.2
bcsstk15.mtx          3948 DS   33 36.9    0.7    1.4 1024    1.8    2.8
bcsstk15.mtx          3948 DS   33 36.9    0.7    1.4 2048    1.8    3.5
problem n solver mem(MB) fill-in t-setup c-setup n_rhs t-solve c-solve
bcsstk16.mtx          4884 LL   15  6.8    0.3    0.3  256    1.2    2.4
bcsstk16.mtx          4884 LL   15  6.8    0.3    0.3  512    2.5    5.0
bcsstk16.mtx          4884 LL   15  6.8    0.3    0.3 1024    5.2   10.2
bcsstk16.mtx          4884 LL   15  6.8    0.3    0.3 2048   10.6   20.6
bcsstk16.mtx          4884 LU   15  6.8    0.3    0.5  256    1.2    2.3
bcsstk16.mtx          4884 LU   15  6.8    0.3    0.5  512    2.5    5.0
bcsstk16.mtx          4884 LU   15  6.8    0.3    0.5 1024    5.2   10.2
bcsstk16.mtx          4884 LU   15  6.8    0.3    0.5 2048   10.6   20.7
bcsstk16.mtx          4884 DS   30 13.7    1.2    1.9  256    0.7    1.4
bcsstk16.mtx          4884 DS   30 13.7    1.2    1.9  512    0.9    1.7
bcsstk16.mtx          4884 DS   30 13.7    1.2    1.9 1024    1.6    3.1
bcsstk16.mtx          4884 DS   30 13.7    1.2    1.9 2048    2.2    4.3
problem n solver mem(MB) fill-in t-setup c-setup n_rhs t-solve c-solve
bcsstk17.mtx         10974 LL   22  6.9    0.5    0.5  256    1.6    3.1
bcsstk17.mtx         10974 LL   22  6.9    0.5    0.5  512    3.5    6.9
bcsstk17.mtx         10974 LL   22  6.9    0.5    0.5 1024    7.5   14.6
bcsstk17.mtx         10974 LL   22  6.9    0.5    0.5 2048   15.7   30.3
bcsstk17.mtx         10974 LU   28  8.7    0.7    0.7  256    2.2    4.4
bcsstk17.mtx         10974 LU   28  8.7    0.7    0.7  512    4.7    9.4
bcsstk17.mtx         10974 LU   28  8.7    0.7    0.7 1024   10.0   19.6
bcsstk17.mtx         10974 LU   28  8.7    0.7    0.7 2048   20.7   40.1
bcsstk17.mtx         10974 DS   83 25.6    4.1    6.8  256    2.8    5.6
bcsstk17.mtx         10974 DS   83 25.6    4.1    6.8  512    3.3    6.6
bcsstk17.mtx         10974 DS   83 25.6    4.1    6.8 1024    5.0    9.2
bcsstk17.mtx         10974 DS   83 25.6    4.1    6.8 2048    6.7   13.2
problem n solver mem(MB) fill-in t-setup c-setup n_rhs t-solve c-solve
bcsstk18.mtx         11948 LL   20 18.3    0.5    0.5  256    1.5    3.0
bcsstk18.mtx         11948 LL   20 18.3    0.5    0.5  512    3.2    6.4
bcsstk18.mtx         11948 LL   20 18.3    0.5    0.5 1024    6.8   13.3
bcsstk18.mtx         11948 LL   20 18.3    0.5    0.5 2048   14.5   27.6
bcsstk18.mtx         11948 LU   24 21.8    0.6    0.9  256    1.9    3.7
bcsstk18.mtx         11948 LU   24 21.8    0.6    0.9  512    4.0    7.8
bcsstk18.mtx         11948 LU   24 21.8    0.6    0.9 1024    8.3   16.3
bcsstk18.mtx         11948 LU   24 21.8    0.6    0.9 2048   17.4   33.1
bcsstk18.mtx         11948 DS   94 82.9    3.9    6.7  256    2.9    5.8
bcsstk18.mtx         11948 DS   94 82.9    3.9    6.7  512    3.4    6.8
bcsstk18.mtx         11948 DS   94 82.9    3.9    6.7 1024    5.3    9.7
bcsstk18.mtx         11948 DS   94 82.9    3.9    6.7 2048    7.2   14.2
problem n solver mem(MB) fill-in t-setup c-setup n_rhs t-solve c-solve
bcsstk21.mtx          3600 LL    2 11.2    0.0    0.0  256    0.2    0.3
bcsstk21.mtx          3600 LL    2 11.2    0.0    0.0  512    0.4    0.7
bcsstk21.mtx          3600 LL    2 11.2    0.0    0.0 1024    0.9    1.8
bcsstk21.mtx          3600 LL    2 11.2    0.0    0.0 2048    2.1    4.0
bcsstk21.mtx          3600 LU    2 11.2    0.0    0.1  256    0.2    0.4
bcsstk21.mtx          3600 LU    2 11.2    0.0    0.1  512    0.4    0.7
bcsstk21.mtx          3600 LU    2 11.2    0.0    0.1 1024    0.9    1.8
bcsstk21.mtx          3600 LU    2 11.2    0.0    0.1 2048    2.1    3.9
bcsstk21.mtx          3600 DS   24 121.9    0.3    0.6  256    0.2    0.3
bcsstk21.mtx          3600 DS   24 121.9    0.3    0.6  512    0.3    0.6
bcsstk21.mtx          3600 DS   24 121.9    0.3    0.6 1024    1.2    1.9
bcsstk21.mtx          3600 DS   24 121.9    0.3    0.6 2048    1.2    2.3
problem n solver mem(MB) fill-in t-setup c-setup n_rhs t-solve c-solve
bcsstk23.mtx          3134 LL   10 31.1    0.2    0.2  256    0.6    1.3
bcsstk23.mtx          3134 LL   10 31.1    0.2    0.2  512    1.4    2.7
bcsstk23.mtx          3134 LL   10 31.1    0.2    0.2 1024    2.9    5.7
bcsstk23.mtx          3134 LL   10 31.1    0.2    0.2 2048    5.9   11.1
bcsstk23.mtx          3134 LU   12 35.7    0.3    0.5  256    0.8    1.5
bcsstk23.mtx          3134 LU   12 35.7    0.3    0.5  512    1.6    3.2
bcsstk23.mtx          3134 LU   12 35.7    0.3    0.5 1024    3.4    6.7
bcsstk23.mtx          3134 LU   12 35.7    0.3    0.5 2048    6.9   12.9
bcsstk23.mtx          3134 DS   23 69.2    0.5    0.9  256    0.3    0.7
bcsstk23.mtx          3134 DS   23 69.2    0.5    0.9  512    0.5    1.0
bcsstk23.mtx          3134 DS   23 69.2    0.5    0.9 1024    0.9    1.7
bcsstk23.mtx          3134 DS   23 69.2    0.5    0.9 2048    1.4    2.7
problem n solver mem(MB) fill-in t-setup c-setup n_rhs t-solve c-solve
bcsstk24.mtx          3562 LL    6  5.3    0.1    0.1  256    0.4    0.8
bcsstk24.mtx          3562 LL    6  5.3    0.1    0.1  512    0.9    1.8
bcsstk24.mtx          3562 LL    6  5.3    0.1    0.1 1024    1.9    3.8
bcsstk24.mtx          3562 LL    6  5.3    0.1    0.1 2048    4.0    7.6
bcsstk24.mtx          3562 LU    9  7.6    0.2    0.3  256    0.7    1.4
bcsstk24.mtx          3562 LU    9  7.6    0.2    0.3  512    1.6    3.2
bcsstk24.mtx          3562 LU    9  7.6    0.2    0.3 1024    3.2    6.4
bcsstk24.mtx          3562 LU    9  7.6    0.2    0.3 2048    6.6   13.0
bcsstk24.mtx          3562 DS   26 21.4    0.6    1.1  256    0.3    0.7
bcsstk24.mtx          3562 DS   26 21.4    0.6    1.1  512    0.5    0.9
bcsstk24.mtx          3562 DS   26 21.4    0.6    1.1 1024    0.8    1.5
bcsstk24.mtx          3562 DS   26 21.4    0.6    1.1 2048    1.5    2.9
problem n solver mem(MB) fill-in t-setup c-setup n_rhs t-solve c-solve
bcsstk25.mtx         15439 LL   36 19.2    0.7    0.7  256    2.5    4.8
bcsstk25.mtx         15439 LL   36 19.2    0.7    0.7  512    5.3   10.4
bcsstk25.mtx         15439 LL   36 19.2    0.7    0.7 1024   11.1   21.7
bcsstk25.mtx         15439 LL   36 19.2    0.7    0.7 2048   23.2   44.8
bcsstk25.mtx         15439 LU   47 24.5    1.0    1.2  256    3.4    6.7
bcsstk25.mtx         15439 LU   47 24.5    1.0    1.2  512    7.2   14.2
bcsstk25.mtx         15439 LU   47 24.5    1.0    1.2 1024   14.8   29.1
bcsstk25.mtx         15439 LU   47 24.5    1.0    1.2 2048   30.6   59.1
bcsstk25.mtx         15439 DS  143 74.7    7.7   13.7  256    6.2   12.3
bcsstk25.mtx         15439 DS  143 74.7    7.7   13.7  512    6.9   13.7
bcsstk25.mtx         15439 DS  143 74.7    7.7   13.7 1024    8.7   17.0
bcsstk25.mtx         15439 DS  143 74.7    7.7   13.7 2048   12.3   24.4
problem n solver mem(MB) fill-in t-setup c-setup n_rhs t-solve c-solve
bcsstk26.mtx          1922 LL    1  4.8    0.0    0.0  256    0.1    0.2
bcsstk26.mtx          1922 LL    1  4.8    0.0    0.0  512    0.2    0.4
bcsstk26.mtx          1922 LL    1  4.8    0.0    0.0 1024    0.5    0.9
bcsstk26.mtx          1922 LL    1  4.8    0.0    0.0 2048    1.1    2.2
bcsstk26.mtx          1922 LU    1  7.3    0.0    0.0  256    0.1    0.3
bcsstk26.mtx          1922 LU    1  7.3    0.0    0.0  512    0.3    0.6
bcsstk26.mtx          1922 LU    1  7.3    0.0    0.0 1024    0.7    1.4
bcsstk26.mtx          1922 LU    1  7.3    0.0    0.0 2048    1.5    3.1
bcsstk26.mtx          1922 DS   14 61.0    0.1    0.3  256    0.1    0.2
bcsstk26.mtx          1922 DS   14 61.0    0.1    0.3  512    0.2    0.3
bcsstk26.mtx          1922 DS   14 61.0    0.1    0.3 1024    0.5    1.0
bcsstk26.mtx          1922 DS   14 61.0    0.1    0.3 2048    0.7    1.3
problem n solver mem(MB) fill-in t-setup c-setup n_rhs t-solve c-solve
bcsstk27.mtx          1224 LL    0  1.8    0.0    0.0  256    0.1    0.1
bcsstk27.mtx          1224 LL    0  1.8    0.0    0.0  512    0.1    0.2
bcsstk27.mtx          1224 LL    0  1.8    0.0    0.0 1024    0.3    0.5
bcsstk27.mtx          1224 LL    0  1.8    0.0    0.0 2048    0.6    1.2
bcsstk27.mtx          1224 LU    1  2.4    0.0    0.0  256    0.1    0.2
bcsstk27.mtx          1224 LU    1  2.4    0.0    0.0  512    0.2    0.3
bcsstk27.mtx          1224 LU    1  2.4    0.0    0.0 1024    0.4    0.7
bcsstk27.mtx          1224 LU    1  2.4    0.0    0.0 2048    0.8    1.6
bcsstk27.mtx          1224 DS    5 13.4    0.1    0.2  256    0.1    0.1
bcsstk27.mtx          1224 DS    5 13.4    0.1    0.2  512    0.1    0.2
bcsstk27.mtx          1224 DS    5 13.4    0.1    0.2 1024    0.6    1.0
bcsstk27.mtx          1224 DS    5 13.4    0.1    0.2 2048    0.4    0.7
problem n solver mem(MB) fill-in t-setup c-setup n_rhs t-solve c-solve
bcsstk28.mtx          4410 LL    9  5.8    0.2    0.2  256    0.7    1.3
bcsstk28.mtx          4410 LL    9  5.8    0.2    0.2  512    1.4    2.7
bcsstk28.mtx          4410 LL    9  5.8    0.2    0.2 1024    2.8    5.6
bcsstk28.mtx          4410 LL    9  5.8    0.2    0.2 2048    5.9   11.3
bcsstk28.mtx          4410 LU   11  6.6    0.2    0.5  256    0.8    1.5
bcsstk28.mtx          4410 LU   11  6.6    0.2    0.5  512    1.6    3.2
bcsstk28.mtx          4410 LU   11  6.6    0.2    0.5 1024    3.3    6.7
bcsstk28.mtx          4410 LU   11  6.6    0.2    0.5 2048    6.9   13.3
bcsstk28.mtx          4410 DS   28 17.3    0.9    1.6  256    0.5    1.1
bcsstk28.mtx          4410 DS   28 17.3    0.9    1.6  512    0.7    1.4
bcsstk28.mtx          4410 DS   28 17.3    0.9    1.6 1024    1.5    2.7
bcsstk28.mtx          4410 DS   28 17.3    0.9    1.6 2048    1.9    3.7
problem n solver mem(MB) fill-in t-setup c-setup n_rhs t-solve c-solve
bcsstk36.mtx         23052 LL  109 12.6    3.1    3.1  256    7.4   14.6
bcsstk36.mtx         23052 LL  109 12.6    3.1    3.1  512   15.0   29.7
bcsstk36.mtx         23052 LL  109 12.6    3.1    3.1 1024   30.4   58.2
bcsstk36.mtx         23052 LL  109 12.6    3.1    3.1 2048   61.9  112.7
bcsstk36.mtx         23052 LU  164 18.9    6.0    6.1  256   13.4   26.5
bcsstk36.mtx         23052 LU  164 18.9    6.0    6.1  512   27.1   51.4
bcsstk36.mtx         23052 LU  164 18.9    6.0    6.1 1024   54.6   97.4
bcsstk36.mtx         23052 LU  164 18.9    6.0    6.1 2048  110.2  186.1
bcsstk36.mtx         23052 DS  240 27.5   17.2   30.2  256   13.7   27.3
bcsstk36.mtx         23052 DS  240 27.5   17.2   30.2  512   15.0   29.8
bcsstk36.mtx         23052 DS  240 27.5   17.2   30.2 1024   18.5   35.8
bcsstk36.mtx         23052 DS  240 27.5   17.2   30.2 2048   23.7   46.9
problem n solver mem(MB) fill-in t-setup c-setup n_rhs t-solve c-solve
bcsstk38.mtx          8032 LL   19  7.4    0.4    0.4  256    1.3    2.6
bcsstk38.mtx          8032 LL   19  7.4    0.4    0.4  512    2.7    5.5
bcsstk38.mtx          8032 LL   19  7.4    0.4    0.4 1024    5.7   11.2
bcsstk38.mtx          8032 LL   19  7.4    0.4    0.4 2048   11.9   23.0
bcsstk38.mtx          8032 LU   29 10.7    0.7    0.8  256    2.1    4.2
bcsstk38.mtx          8032 LU   29 10.7    0.7    0.8  512    4.4    8.7
bcsstk38.mtx          8032 LU   29 10.7    0.7    0.8 1024    8.9   17.6
bcsstk38.mtx          8032 LU   29 10.7    0.7    0.8 2048   18.3   35.4
bcsstk38.mtx          8032 DS   58 21.6    2.7    4.7  256    1.9    3.7
bcsstk38.mtx          8032 DS   58 21.6    2.7    4.7  512    2.2    4.4
bcsstk38.mtx          8032 DS   58 21.6    2.7    4.7 1024    3.5    6.4
bcsstk38.mtx          8032 DS   58 21.6    2.7    4.7 2048    4.7    9.2
problem n solver mem(MB) fill-in t-setup c-setup n_rhs t-solve c-solve
bcsstm08.mtx          1074 LL    0  2.0    0.0    0.0  256    0.0    0.0
bcsstm08.mtx          1074 LL    0  2.0    0.0    0.0  512    0.0    0.0
bcsstm08.mtx          1074 LL    0  2.0    0.0    0.0 1024    0.0    0.0
bcsstm08.mtx          1074 LL    0  2.0    0.0    0.0 2048    0.1    0.1
bcsstm08.mtx          1074 LU    0  2.0    0.0    0.0  256    0.0    0.0
bcsstm08.mtx          1074 LU    0  2.0    0.0    0.0  512    0.0    0.0
bcsstm08.mtx          1074 LU    0  2.0    0.0    0.0 1024    0.0    0.0
bcsstm08.mtx          1074 LU    0  2.0    0.0    0.0 2048    0.1    0.1
bcsstm08.mtx          1074 DS    4 537.0    0.1    0.1  256    0.0    0.1
bcsstm08.mtx          1074 DS    4 537.0    0.1    0.1  512    0.1    0.1
bcsstm08.mtx          1074 DS    4 537.0    0.1    0.1 1024    0.9    1.2
bcsstm08.mtx          1074 DS    4 537.0    0.1    0.1 2048    0.3    0.5
problem n solver mem(MB) fill-in t-setup c-setup n_rhs t-solve c-solve
bcsstm09.mtx          1083 LL    0  2.0    0.0    0.0  256    0.0    0.0
bcsstm09.mtx          1083 LL    0  2.0    0.0    0.0  512    0.0    0.0
bcsstm09.mtx          1083 LL    0  2.0    0.0    0.0 1024    0.0    0.0
bcsstm09.mtx          1083 LL    0  2.0    0.0    0.0 2048    0.1    0.1
bcsstm09.mtx          1083 LU    0  2.0    0.0    0.0  256    0.0    0.0
bcsstm09.mtx          1083 LU    0  2.0    0.0    0.0  512    0.0    0.0
bcsstm09.mtx          1083 LU    0  2.0    0.0    0.0 1024    0.0    0.0
bcsstm09.mtx          1083 LU    0  2.0    0.0    0.0 2048    0.1    0.1
bcsstm09.mtx          1083 DS    4 541.5    0.0    0.1  256    0.0    0.1
bcsstm09.mtx          1083 DS    4 541.5    0.0    0.1  512    0.1    0.1
bcsstm09.mtx          1083 DS    4 541.5    0.0    0.1 1024    0.6    0.9
bcsstm09.mtx          1083 DS    4 541.5    0.0    0.1 2048    0.3    0.5
problem n solver mem(MB) fill-in t-setup c-setup n_rhs t-solve c-solve
bcsstm11.mtx          1473 LL    0  2.0    0.0    0.0  256    0.0    0.0
bcsstm11.mtx          1473 LL    0  2.0    0.0    0.0  512    0.0    0.0
bcsstm11.mtx          1473 LL    0  2.0    0.0    0.0 1024    0.1    0.1
bcsstm11.mtx          1473 LL    0  2.0    0.0    0.0 2048    0.2    0.2
bcsstm11.mtx          1473 LU    0  2.0    0.0    0.0  256    0.0    0.0
bcsstm11.mtx          1473 LU    0  2.0    0.0    0.0  512    0.0    0.0
bcsstm11.mtx          1473 LU    0  2.0    0.0    0.0 1024    0.1    0.1
bcsstm11.mtx          1473 LU    0  2.0    0.0    0.0 2048    0.2    0.2
bcsstm11.mtx          1473 DS    8 736.5    0.1    0.1  256    0.0    0.1
bcsstm11.mtx          1473 DS    8 736.5    0.1    0.1  512    0.1    0.2
bcsstm11.mtx          1473 DS    8 736.5    0.1    0.1 1024    0.2    0.5
bcsstm11.mtx          1473 DS    8 736.5    0.1    0.1 2048    0.4    0.8
problem n solver mem(MB) fill-in t-setup c-setup n_rhs t-solve c-solve
bcsstm12.mtx          1473 LL    0  3.8    0.0    0.0  256    0.1    0.2
bcsstm12.mtx          1473 LL    0  3.8    0.0    0.0  512    0.2    0.3
bcsstm12.mtx          1473 LL    0  3.8    0.0    0.0 1024    0.4    0.7
bcsstm12.mtx          1473 LL    0  3.8    0.0    0.0 2048    0.9    1.8
bcsstm12.mtx          1473 LU    0  4.3    0.0    0.0  256    0.1    0.2
bcsstm12.mtx          1473 LU    0  4.3    0.0    0.0  512    0.2    0.3
bcsstm12.mtx          1473 LU    0  4.3    0.0    0.0 1024    0.4    0.8
bcsstm12.mtx          1473 LU    0  4.3    0.0    0.0 2048    1.0    2.0
bcsstm12.mtx          1473 DS    8 55.2    0.1    0.2  256    0.1    0.1
bcsstm12.mtx          1473 DS    8 55.2    0.1    0.2  512    0.1    0.2
bcsstm12.mtx          1473 DS    8 55.2    0.1    0.2 1024    0.4    0.8
bcsstm12.mtx          1473 DS    8 55.2    0.1    0.2 2048    0.5    0.9
problem n solver mem(MB) fill-in t-setup c-setup n_rhs t-solve c-solve
bcsstm13.mtx          2003 LL   -1 -0.0    nan    nan  256    nan    nan
bcsstm13.mtx          2003 LL   -1 -0.0    nan    nan  512    nan    nan
bcsstm13.mtx          2003 LL   -1 -0.0    nan    nan 1024    nan    nan
bcsstm13.mtx          2003 LL   -1 -0.0    nan    nan 2048    nan    nan
bcsstm13.mtx          2003 LU   -1 -0.0    nan    nan  256    nan    nan
bcsstm13.mtx          2003 LU   -1 -0.0    nan    nan  512    nan    nan
bcsstm13.mtx          2003 LU   -1 -0.0    nan    nan 1024    nan    nan
bcsstm13.mtx          2003 LU   -1 -0.0    nan    nan 2048    nan    nan
bcsstm13.mtx          2003 DS   -1 -0.0    nan    nan  256    nan    nan
bcsstm13.mtx          2003 DS   -1 -0.0    nan    nan  512    nan    nan
bcsstm13.mtx          2003 DS   -1 -0.0    nan    nan 1024    nan    nan
bcsstm13.mtx          2003 DS   -1 -0.0    nan    nan 2048    nan    nan
problem n solver mem(MB) fill-in t-setup c-setup n_rhs t-solve c-solve
bcsstm21.mtx          3600 LL    0  2.0    0.0    0.0  256    0.0    0.0
bcsstm21.mtx          3600 LL    0  2.0    0.0    0.0  512    0.1    0.1
bcsstm21.mtx          3600 LL    0  2.0    0.0    0.0 1024    0.2    0.2
bcsstm21.mtx          3600 LL    0  2.0    0.0    0.0 2048    0.4    0.4
bcsstm21.mtx          3600 LU    0  2.0    0.0    0.0  256    0.0    0.0
bcsstm21.mtx          3600 LU    0  2.0    0.0    0.0  512    0.1    0.1
bcsstm21.mtx          3600 LU    0  2.0    0.0    0.0 1024    0.2    0.2
bcsstm21.mtx          3600 LU    0  2.0    0.0    0.0 2048    0.4    0.4
bcsstm21.mtx          3600 DS   24 900.0    0.2    0.3  256    0.1    0.3
bcsstm21.mtx          3600 DS   24 900.0    0.2    0.3  512    0.2    0.5
bcsstm21.mtx          3600 DS   24 900.0    0.2    0.3 1024    0.7    1.2
bcsstm21.mtx          3600 DS   24 900.0    0.2    0.3 2048    1.1    2.2
problem n solver mem(MB) fill-in t-setup c-setup n_rhs t-solve c-solve
bcsstm23.mtx          3134 LL    0  2.0    0.0    0.0  256    0.0    0.0
bcsstm23.mtx          3134 LL    0  2.0    0.0    0.0  512    0.1    0.1
bcsstm23.mtx          3134 LL    0  2.0    0.0    0.0 1024    0.1    0.1
bcsstm23.mtx          3134 LL    0  2.0    0.0    0.0 2048    0.4    0.4
bcsstm23.mtx          3134 LU    0  2.0    0.0    0.0  256    0.0    0.0
bcsstm23.mtx          3134 LU    0  2.0    0.0    0.0  512    0.1    0.1
bcsstm23.mtx          3134 LU    0  2.0    0.0    0.0 1024    0.1    0.1
bcsstm23.mtx          3134 LU    0  2.0    0.0    0.0 2048    0.4    0.4
bcsstm23.mtx          3134 DS   18 783.5    0.2    0.3  256    0.1    0.2
bcsstm23.mtx          3134 DS   18 783.5    0.2    0.3  512    0.2    0.4
bcsstm23.mtx          3134 DS   18 783.5    0.2    0.3 1024    0.5    0.9
bcsstm23.mtx          3134 DS   18 783.5    0.2    0.3 2048    0.9    1.8
problem n solver mem(MB) fill-in t-setup c-setup n_rhs t-solve c-solve
bcsstm24.mtx          3562 LL    0  2.0    0.0    0.0  256    0.0    0.0
bcsstm24.mtx          3562 LL    0  2.0    0.0    0.0  512    0.1    0.1
bcsstm24.mtx          3562 LL    0  2.0    0.0    0.0 1024    0.2    0.2
bcsstm24.mtx          3562 LL    0  2.0    0.0    0.0 2048    0.4    0.4
bcsstm24.mtx          3562 LU    0  2.0    0.0    0.0  256    0.0    0.0
bcsstm24.mtx          3562 LU    0  2.0    0.0    0.0  512    0.1    0.1
bcsstm24.mtx          3562 LU    0  2.0    0.0    0.0 1024    0.2    0.2
bcsstm24.mtx          3562 LU    0  2.0    0.0    0.0 2048    0.4    0.4
bcsstm24.mtx          3562 DS   24 890.5    0.2    0.3  256    0.1    0.2
bcsstm24.mtx          3562 DS   24 890.5    0.2    0.3  512    0.2    0.5
bcsstm24.mtx          3562 DS   24 890.5    0.2    0.3 1024    0.6    1.1
bcsstm24.mtx          3562 DS   24 890.5    0.2    0.3 2048    1.1    2.1
problem n solver mem(MB) fill-in t-setup c-setup n_rhs t-solve c-solve
bcsstm25.mtx         15439 LL    0  2.0    0.0    0.0  256    0.1    0.1
bcsstm25.mtx         15439 LL    0  2.0    0.0    0.0  512    0.3    0.3
bcsstm25.mtx         15439 LL    0  2.0    0.0    0.0 1024    0.7    0.7
bcsstm25.mtx         15439 LL    0  2.0    0.0    0.0 2048    1.9    1.9
bcsstm25.mtx         15439 LU    0  2.0    0.0    0.0  256    0.1    0.1
bcsstm25.mtx         15439 LU    0  2.0    0.0    0.0  512    0.3    0.3
bcsstm25.mtx         15439 LU    0  2.0    0.0    0.0 1024    0.7    0.7
bcsstm25.mtx         15439 LU    0  2.0    0.0    0.0 2048    1.9    1.9
bcsstm25.mtx         15439 DS  113 964.9    1.3    2.0  256    0.6    1.1
bcsstm25.mtx         15439 DS  113 964.9    1.3    2.0  512    1.1    2.1
bcsstm25.mtx         15439 DS  113 964.9    1.3    2.0 1024    2.9    5.1
bcsstm25.mtx         15439 DS  113 964.9    1.3    2.0 2048    5.0    9.7
problem n solver mem(MB) fill-in t-setup c-setup n_rhs t-solve c-solve
bcsstm26.mtx          1922 LL    0  2.0    0.0    0.0  256    0.0    0.0
bcsstm26.mtx          1922 LL    0  2.0    0.0    0.0  512    0.0    0.0
bcsstm26.mtx          1922 LL    0  2.0    0.0    0.0 1024    0.1    0.1
bcsstm26.mtx          1922 LL    0  2.0    0.0    0.0 2048    0.2    0.2
bcsstm26.mtx          1922 LU    0  2.0    0.0    0.0  256    0.0    0.0
bcsstm26.mtx          1922 LU    0  2.0    0.0    0.0  512    0.0    0.0
bcsstm26.mtx          1922 LU    0  2.0    0.0    0.0 1024    0.1    0.1
bcsstm26.mtx          1922 LU    0  2.0    0.0    0.0 2048    0.2    0.2
bcsstm26.mtx          1922 DS   14 961.0    0.1    0.2  256    0.1    0.1
bcsstm26.mtx          1922 DS   14 961.0    0.1    0.2  512    0.1    0.3
bcsstm26.mtx          1922 DS   14 961.0    0.1    0.2 1024    1.1    1.6
bcsstm26.mtx          1922 DS   14 961.0    0.1    0.2 2048    0.6    1.2
problem n solver mem(MB) fill-in t-setup c-setup n_rhs t-solve c-solve
bcsstm36.mtx         23052 LL   -1 -0.0    nan    nan  256    nan    nan
bcsstm36.mtx         23052 LL   -1 -0.0    nan    nan  512    nan    nan
bcsstm36.mtx         23052 LL   -1 -0.0    nan    nan 1024    nan    nan
bcsstm36.mtx         23052 LL   -1 -0.0    nan    nan 2048    nan    nan
bcsstm36.mtx         23052 LU   -1 -0.0    nan    nan  256    nan    nan
bcsstm36.mtx         23052 LU   -1 -0.0    nan    nan  512    nan    nan
bcsstm36.mtx         23052 LU   -1 -0.0    nan    nan 1024    nan    nan
bcsstm36.mtx         23052 LU   -1 -0.0    nan    nan 2048    nan    nan
bcsstm36.mtx         23052 DS   -1 -0.0    nan    nan  256    nan    nan
bcsstm36.mtx         23052 DS   -1 -0.0    nan    nan  512    nan    nan
bcsstm36.mtx         23052 DS   -1 -0.0    nan    nan 1024    nan    nan
bcsstm36.mtx         23052 DS   -1 -0.0    nan    nan 2048    nan    nan
problem n solver mem(MB) fill-in t-setup c-setup n_rhs t-solve c-solve
bcsstm38.mtx          8032 LL   -1 -0.0    nan    nan  256    nan    nan
bcsstm38.mtx          8032 LL   -1 -0.0    nan    nan  512    nan    nan
bcsstm38.mtx          8032 LL   -1 -0.0    nan    nan 1024    nan    nan
bcsstm38.mtx          8032 LL   -1 -0.0    nan    nan 2048    nan    nan
bcsstm38.mtx          8032 LU   -1 -0.0    nan    nan  256    nan    nan
bcsstm38.mtx          8032 LU   -1 -0.0    nan    nan  512    nan    nan
bcsstm38.mtx          8032 LU   -1 -0.0    nan    nan 1024    nan    nan
bcsstm38.mtx          8032 LU   -1 -0.0    nan    nan 2048    nan    nan
bcsstm38.mtx          8032 DS   -1 -0.0    nan    nan  256    nan    nan
bcsstm38.mtx          8032 DS   -1 -0.0    nan    nan  512    nan    nan
bcsstm38.mtx          8032 DS   -1 -0.0    nan    nan 1024    nan    nan
bcsstm38.mtx          8032 DS   -1 -0.0    nan    nan 2048    nan    nan
problem n solver mem(MB) fill-in t-setup c-setup n_rhs t-solve c-solve
bmw7st_1.mtx        141347 LL  988 17.7   46.4   46.3  256   64.8  125.8
bmw7st_1.mtx        141347 LL  988 17.7   46.4   46.3  512  131.4  239.1
bmw7st_1.mtx        141347 LL  988 17.7   46.4   46.3 1024  265.8  450.8
bmw7st_1.mtx        141347 LL  988 17.7   46.4   46.3 2048    nan    nan
bmw7st_1.mtx        141347 LU 1445 25.9   86.9   86.9  256  113.7  207.9
bmw7st_1.mtx        141347 LU 1445 25.9   86.9   86.9  512  229.3  385.2
bmw7st_1.mtx        141347 LU 1445 25.9   86.9   86.9 1024  460.7  716.0
bmw7st_1.mtx        141347 LU 1445 25.9   86.9   86.9 2048    nan    nan
bmw7st_1.mtx        141347 DS 2787 49.9  654.9 1261.6  256  614.3 1222.7
bmw7st_1.mtx        141347 DS 2787 49.9  654.9 1261.6  512  625.0 1243.8
bmw7st_1.mtx        141347 DS 2787 49.9  654.9 1261.6 1024  650.1 1292.0
bmw7st_1.mtx        141347 DS 2787 49.9  654.9 1261.6 2048    nan    nan
problem n solver mem(MB) fill-in t-setup c-setup n_rhs t-solve c-solve
bmwcra_1.mtx        148770 LL 2375 29.3  169.8  169.7  256  182.1  357.3
bmwcra_1.mtx        148770 LL 2375 29.3  169.8  169.7  512  363.5  674.1
bmwcra_1.mtx        148770 LL 2375 29.3  169.8  169.7 1024    nan    nan
bmwcra_1.mtx        148770 LL 2375 29.3  169.8  169.7 2048    nan    nan
bmwcra_1.mtx        148770 LU 2382 29.3  170.8  170.8  256  182.9  359.5
bmwcra_1.mtx        148770 LU 2382 29.3  170.8  170.8  512  364.9  675.7
bmwcra_1.mtx        148770 LU 2382 29.3  170.8  170.8 1024    nan    nan
bmwcra_1.mtx        148770 LU 2382 29.3  170.8  170.8 2048    nan    nan
bmwcra_1.mtx        148770 DS 3506 43.2 1089.1 2116.3  256 1031.6 2056.6
bmwcra_1.mtx        148770 DS 3506 43.2 1089.1 2116.3  512 1045.3 2083.1
bmwcra_1.mtx        148770 DS 3506 43.2 1089.1 2116.3 1024 1075.3 2141.8
bmwcra_1.mtx        148770 DS 3506 43.2 1089.1 2116.3 2048    nan    nan
problem n solver mem(MB) fill-in t-setup c-setup n_rhs t-solve c-solve
ct20stif.mtx         52329 LL  388 19.6   22.6   22.6  256   23.7   46.2
ct20stif.mtx         52329 LL  388 19.6   22.6   22.6  512   48.4   88.6
ct20stif.mtx         52329 LL  388 19.6   22.6   22.6 1024   97.2  163.1
ct20stif.mtx         52329 LL  388 19.6   22.6   22.6 2048  197.0  306.6
ct20stif.mtx         52329 LU  481 24.3   31.8   31.8  256   33.1   63.5
ct20stif.mtx         52329 LU  481 24.3   31.8   31.8  512   67.0  117.4
ct20stif.mtx         52329 LU  481 24.3   31.8   31.8 1024  134.8  215.5
ct20stif.mtx         52329 LU  481 24.3   31.8   31.8 2048  272.2  400.1
ct20stif.mtx         52329 DS  883 44.5   94.9  175.3  256   83.5  166.0
ct20stif.mtx         52329 DS  883 44.5   94.9  175.3  512   86.6  172.2
ct20stif.mtx         52329 DS  883 44.5   94.9  175.3 1024   94.5  188.0
ct20stif.mtx         52329 DS  883 44.5   94.9  175.3 2048  113.0  223.9
problem n solver mem(MB) fill-in t-setup c-setup n_rhs t-solve c-solve
gyro_k.mtx           17361 LL   48  6.2    1.0    1.0  256    3.1    6.1
gyro_k.mtx           17361 LL   48  6.2    1.0    1.0  512    6.4   12.5
gyro_k.mtx           17361 LL   48  6.2    1.0    1.0 1024   13.0   25.1
gyro_k.mtx           17361 LL   48  6.2    1.0    1.0 2048   26.8   50.5
gyro_k.mtx           17361 LU   51  6.6    1.1    1.1  256    3.4    6.7
gyro_k.mtx           17361 LU   51  6.6    1.1    1.1  512    7.0   13.7
gyro_k.mtx           17361 LU   51  6.6    1.1    1.1 1024   14.2   27.3
gyro_k.mtx           17361 LU   51  6.6    1.1    1.1 2048   29.2   53.8
gyro_k.mtx           17361 DS  126 16.2    9.7   16.0  256    6.6   13.1
gyro_k.mtx           17361 DS  126 16.2    9.7   16.0  512    7.4   14.5
gyro_k.mtx           17361 DS  126 16.2    9.7   16.0 1024    9.0   17.8
gyro_k.mtx           17361 DS  126 16.2    9.7   16.0 2048   12.9   25.5
problem n solver mem(MB) fill-in t-setup c-setup n_rhs t-solve c-solve
gyro_m.mtx           17361 LL   11  4.4    0.2    0.2  256    1.0    1.8
gyro_m.mtx           17361 LL   11  4.4    0.2    0.2  512    2.1    4.0
gyro_m.mtx           17361 LL   11  4.4    0.2    0.2 1024    5.0    9.5
gyro_m.mtx           17361 LL   11  4.4    0.2    0.2 2048   11.4   21.2
gyro_m.mtx           17361 LU   11  4.6    0.2    0.3  256    1.0    1.9
gyro_m.mtx           17361 LU   11  4.6    0.2    0.3  512    2.2    4.1
gyro_m.mtx           17361 LU   11  4.6    0.2    0.3 1024    5.2    9.8
gyro_m.mtx           17361 LU   11  4.6    0.2    0.3 2048   11.8   21.8
gyro_m.mtx           17361 DS  107 41.2    5.8    9.2  256    3.4    6.8
gyro_m.mtx           17361 DS  107 41.2    5.8    9.2  512    4.2    8.2
gyro_m.mtx           17361 DS  107 41.2    5.8    9.2 1024    6.4   12.2
gyro_m.mtx           17361 DS  107 41.2    5.8    9.2 2048    9.4   18.4
problem n solver mem(MB) fill-in t-setup c-setup n_rhs t-solve c-solve
oilpan.mtx           73752 LL  294 18.0    8.7    8.7  256   19.8   39.1
oilpan.mtx           73752 LL  294 18.0    8.7    8.7  512   40.6   78.7
oilpan.mtx           73752 LL  294 18.0    8.7    8.7 1024   82.2  149.9
oilpan.mtx           73752 LL  294 18.0    8.7    8.7 2048  168.1  288.5
oilpan.mtx           73752 LU  319 19.5   10.3   10.3  256   22.4   44.1
oilpan.mtx           73752 LU  319 19.5   10.3   10.3  512   46.0   87.8
oilpan.mtx           73752 LU  319 19.5   10.3   10.3 1024   92.2  165.2
oilpan.mtx           73752 LU  319 19.5   10.3   10.3 2048  188.2  315.6
oilpan.mtx           73752 DS  917 56.0  109.5  204.6  256   97.8  194.5
oilpan.mtx           73752 DS  917 56.0  109.5  204.6  512  101.4  201.8
oilpan.mtx           73752 DS  917 56.0  109.5  204.6 1024  111.2  220.3
oilpan.mtx           73752 DS  917 56.0  109.5  204.6 2048  132.0  261.2
problem n solver mem(MB) fill-in t-setup c-setup n_rhs t-solve c-solve
pwtk.mtx            217918 LL 1641 18.7   61.2   61.2  256  108.9  214.5
pwtk.mtx            217918 LL 1641 18.7   61.2   61.2  512  230.4  427.7
pwtk.mtx            217918 LL 1641 18.7   61.2   61.2 1024    nan    nan
pwtk.mtx            217918 LL 1641 18.7   61.2   61.2 2048    nan    nan
pwtk.mtx            217918 LU 2433 27.7  119.6  119.5  256  196.8  375.2
pwtk.mtx            217918 LU 2433 27.7  119.6  119.5  512  403.4  702.9
pwtk.mtx            217918 LU 2433 27.7  119.6  119.5 1024    nan    nan
pwtk.mtx            217918 LU 2433 27.7  119.6  119.5 2048    nan    nan
pwtk.mtx            217918 DS 5165 58.7 1496.4 2910.2  256 1427.7 2842.2
pwtk.mtx            217918 DS 5165 58.7 1496.4 2910.2  512 1448.7 2883.1
pwtk.mtx            217918 DS 5165 58.7 1496.4 2910.2 1024    nan    nan
pwtk.mtx            217918 DS 5165 58.7 1496.4 2910.2 2048    nan    nan
problem n solver mem(MB) fill-in t-setup c-setup n_rhs t-solve c-solve
s3dkq4m2.mtx         90449 LL  761 22.5   41.9   41.9  256   61.4  115.5
s3dkq4m2.mtx         90449 LL  761 22.5   41.9   41.9  512  125.5  226.2
s3dkq4m2.mtx         90449 LL  761 22.5   41.9   41.9 1024  251.9  440.5
s3dkq4m2.mtx         90449 LL  761 22.5   41.9   41.9 2048  505.0  863.4
s3dkq4m2.mtx         90449 LU  978 29.0   61.8   61.7  256   94.2  171.0
s3dkq4m2.mtx         90449 LU  978 29.0   61.8   61.7  512  189.9  331.1
s3dkq4m2.mtx         90449 LU  978 29.0   61.8   61.7 1024  380.6  644.0
s3dkq4m2.mtx         90449 LU  978 29.0   61.8   61.7 2048  763.0 1268.5
s3dkq4m2.mtx         90449 DS 1623 48.1  266.3  499.5  256  237.2  472.2
s3dkq4m2.mtx         90449 DS 1623 48.1  266.3  499.5  512  243.9  485.2
s3dkq4m2.mtx         90449 DS 1623 48.1  266.3  499.5 1024  258.7  514.4
s3dkq4m2.mtx         90449 DS 1623 48.1  266.3  499.5 2048  292.7  580.2
problem n solver mem(MB) fill-in t-setup c-setup n_rhs t-solve c-solve
ship_003.mtx        121728 LL 2281 79.2  358.3  358.2  256  157.2  296.8
ship_003.mtx        121728 LL 2281 79.2  358.3  358.2  512  317.5  562.7
ship_003.mtx        121728 LL 2281 79.2  358.3  358.2 1024  638.1 1055.3
ship_003.mtx        121728 LL 2281 79.2  358.3  358.2 2048    nan    nan
ship_003.mtx        121728 LU 3148 109.3  700.6  700.5  256  234.5  422.5
ship_003.mtx        121728 LU 3148 109.3  700.6  700.5  512  471.6  775.1
ship_003.mtx        121728 LU 3148 109.3  700.6  700.5 1024    nan    nan
ship_003.mtx        121728 LU 3148 109.3  700.6  700.5 2048    nan    nan
ship_003.mtx        121728 DS 4654 161.5  759.9 1472.1  256  732.4 1453.9
ship_003.mtx        121728 DS 4654 161.5  759.9 1472.1  512  748.1 1485.4
ship_003.mtx        121728 DS 4654 161.5  759.9 1472.1 1024    nan    nan
ship_003.mtx        121728 DS 4654 161.5  759.9 1472.1 2048    nan    nan
problem n solver mem(MB) fill-in t-setup c-setup n_rhs t-solve c-solve
vanbody.mtx          47072 LL  197 11.1    5.6    5.5  256   12.6   24.8
vanbody.mtx          47072 LL  197 11.1    5.6    5.5  512   25.9   51.0
vanbody.mtx          47072 LL  197 11.1    5.6    5.5 1024   52.7   99.3
vanbody.mtx          47072 LL  197 11.1    5.6    5.5 2048  108.0  192.8
vanbody.mtx          47072 LU  290 16.4   10.1   10.1  256   22.4   44.0
vanbody.mtx          47072 LU  290 16.4   10.1   10.1  512   45.3   85.6
vanbody.mtx          47072 LU  290 16.4   10.1   10.1 1024   91.6  161.1
vanbody.mtx          47072 LU  290 16.4   10.1   10.1 2048  185.7  305.4
vanbody.mtx          47072 DS  576 32.4   65.8  120.5  256   56.7  113.0
vanbody.mtx          47072 DS  576 32.4   65.8  120.5  512   59.3  118.1
vanbody.mtx          47072 DS  576 32.4   65.8  120.5 1024   65.3  129.5
vanbody.mtx          47072 DS  576 32.4   65.8  120.5 2048   79.0  156.3
